Terminals unused in grammar

   lSTRING


狀態 98 衝突：1 項偏移/縮減


文法

    0 $accept: prog $end

    1 prog: mthdcls
    2     | /* 空白 */

    3 mthdcls: mthdcl mthdcls
    4        | mthdcl

    5 type: lINT
    6     | lREAL

    7 mthdcl: type lMAIN lID lLP formals lRP block
    8       | type lID lLP formals lRP block

    9 formals: formal oformal
   10        | /* 空白 */

   11 formal: type lID

   12 oformal: lCOMMA formal oformal
   13        | /* 空白 */

   14 block: lBEGIN stmts lEND

   15 stmts: stmt stmts
   16      | stmt

   17 stmt: block
   18     | vardcl
   19     | astm
   20     | rstm
   21     | istm
   22     | wstm
   23     | dstm

   24 vardcl: type lID lSEMI
   25       | type astm

   26 astm: lID lASSIGN expr lSEMI

   27 rstm: lRETURN expr lSEMI

   28 istm: lIF lLP bexpr lRP stmt
   29     | lIF lLP bexpr lRP stmt lELSE stmt

   30 wstm: lWRITE lLP expr lCOMMA lQSTR lRP lSEMI

   31 dstm: lREAD lLP lID lCOMMA lQSTR lRP lSEMI

   32 expr: mexpr mexprs

   33 mexprs: lADD mexpr mexprs
   34       | lMINUS mexpr mexprs
   35       | /* 空白 */

   36 mexpr: pexpr pexprs

   37 pexprs: lTIMES pexpr pexprs
   38       | lDIVIDE pexpr pexprs
   39       | /* 空白 */

   40 pexpr: lINUM
   41      | lRNUM
   42      | lID
   43      | lLP expr lRP
   44      | lID lLP aparams lRP

   45 bexpr: expr lEQU expr
   46      | expr lNEQ expr
   47      | expr lGT expr
   48      | expr lLT expr
   49      | expr lGE expr
   50      | expr lLE expr

   51 aparams: expr oparams
   52        | /* 空白 */

   53 oparams: lCOMMA expr oparams
   54        | /* 空白 */


終結語詞，附有它們出現處的規則

$end (0) 0
error (256)
lWRITE (258) 30
lREAD (259) 31
lIF (260) 28 29
lASSIGN (261) 26
lRETURN (262) 27
lBEGIN (263) 14
lEND (264) 14
lLE (265) 50
lGE (266) 49
lLT (267) 48
lGT (268) 47
lNEQ (269) 46
lEQU (270) 45
lMINUS (271) 34
lADD (272) 33
lDIVIDE (273) 38
lTIMES (274) 37
lLP (275) 7 8 28 29 30 31 43 44
lRP (276) 7 8 28 29 30 31 43 44
lINT (277) 5
lREAL (278) 6
lSTRING (279)
lELSE (280) 29
lMAIN (281) 7
lSEMI (282) 24 26 27 30 31
lCOMMA (283) 12 30 31 53
lID (284) 7 8 11 24 26 31 42 44
lINUM (285) 40
lRNUM (286) 41
lQSTR (287) 30 31


非終結語詞，附有它們出現處的規則

$accept (33)
   於左側： 0
prog (34)
   於左側： 1 2,於右側： 0
mthdcls (35)
   於左側： 3 4,於右側： 1 3
type (36)
   於左側： 5 6,於右側： 7 8 11 24 25
mthdcl (37)
   於左側： 7 8,於右側： 3 4
formals (38)
   於左側： 9 10,於右側： 7 8
formal (39)
   於左側： 11,於右側： 9 12
oformal (40)
   於左側： 12 13,於右側： 9 12
block (41)
   於左側： 14,於右側： 7 8 17
stmts (42)
   於左側： 15 16,於右側： 14 15
stmt (43)
   於左側： 17 18 19 20 21 22 23,於右側： 15 16 28 29
vardcl (44)
   於左側： 24 25,於右側： 18
astm (45)
   於左側： 26,於右側： 19 25
rstm (46)
   於左側： 27,於右側： 20
istm (47)
   於左側： 28 29,於右側： 21
wstm (48)
   於左側： 30,於右側： 22
dstm (49)
   於左側： 31,於右側： 23
expr (50)
   於左側： 32,於右側： 26 27 30 43 45 46 47 48 49 50 51 53
mexprs (51)
   於左側： 33 34 35,於右側： 32 33 34
mexpr (52)
   於左側： 36,於右側： 32 33 34
pexprs (53)
   於左側： 37 38 39,於右側： 36 37 38
pexpr (54)
   於左側： 40 41 42 43 44,於右側： 36 37 38
bexpr (55)
   於左側： 45 46 47 48 49 50,於右側： 28 29
aparams (56)
   於左側： 51 52,於右側： 44
oparams (57)
   於左側： 53 54,於右側： 51 53


狀態 0

    0 $accept: . prog $end
    1 prog: . mthdcls
    2     | .  [$end]
    3 mthdcls: . mthdcl mthdcls
    4        | . mthdcl
    5 type: . lINT
    6     | . lREAL
    7 mthdcl: . type lMAIN lID lLP formals lRP block
    8       | . type lID lLP formals lRP block

    lINT   偏移，並進入狀態 1
    lREAL  偏移，並進入狀態 2

    $預設  使用規則 2 以縮減 (prog)

    prog     進入狀態 3
    mthdcls  進入狀態 4
    type     進入狀態 5
    mthdcl   進入狀態 6


狀態 1

    5 type: lINT .

    $預設  使用規則 5 以縮減 (type)


狀態 2

    6 type: lREAL .

    $預設  使用規則 6 以縮減 (type)


狀態 3

    0 $accept: prog . $end

    $end  偏移，並進入狀態 7


狀態 4

    1 prog: mthdcls .

    $預設  使用規則 1 以縮減 (prog)


狀態 5

    7 mthdcl: type . lMAIN lID lLP formals lRP block
    8       | type . lID lLP formals lRP block

    lMAIN  偏移，並進入狀態 8
    lID    偏移，並進入狀態 9


狀態 6

    3 mthdcls: . mthdcl mthdcls
    3        | mthdcl . mthdcls
    4        | . mthdcl
    4        | mthdcl .  [$end]
    5 type: . lINT
    6     | . lREAL
    7 mthdcl: . type lMAIN lID lLP formals lRP block
    8       | . type lID lLP formals lRP block

    lINT   偏移，並進入狀態 1
    lREAL  偏移，並進入狀態 2

    $預設  使用規則 4 以縮減 (mthdcls)

    mthdcls  進入狀態 10
    type     進入狀態 5
    mthdcl   進入狀態 6


狀態 7

    0 $accept: prog $end .

    $預設  接受


狀態 8

    7 mthdcl: type lMAIN . lID lLP formals lRP block

    lID  偏移，並進入狀態 11


狀態 9

    8 mthdcl: type lID . lLP formals lRP block

    lLP  偏移，並進入狀態 12


狀態 10

    3 mthdcls: mthdcl mthdcls .

    $預設  使用規則 3 以縮減 (mthdcls)


狀態 11

    7 mthdcl: type lMAIN lID . lLP formals lRP block

    lLP  偏移，並進入狀態 13


狀態 12

    5 type: . lINT
    6     | . lREAL
    8 mthdcl: type lID lLP . formals lRP block
    9 formals: . formal oformal
   10        | .  [lRP]
   11 formal: . type lID

    lINT   偏移，並進入狀態 1
    lREAL  偏移，並進入狀態 2

    $預設  使用規則 10 以縮減 (formals)

    type     進入狀態 14
    formals  進入狀態 15
    formal   進入狀態 16


狀態 13

    5 type: . lINT
    6     | . lREAL
    7 mthdcl: type lMAIN lID lLP . formals lRP block
    9 formals: . formal oformal
   10        | .  [lRP]
   11 formal: . type lID

    lINT   偏移，並進入狀態 1
    lREAL  偏移，並進入狀態 2

    $預設  使用規則 10 以縮減 (formals)

    type     進入狀態 14
    formals  進入狀態 17
    formal   進入狀態 16


狀態 14

   11 formal: type . lID

    lID  偏移，並進入狀態 18


狀態 15

    8 mthdcl: type lID lLP formals . lRP block

    lRP  偏移，並進入狀態 19


狀態 16

    9 formals: formal . oformal
   12 oformal: . lCOMMA formal oformal
   13        | .  [lRP]

    lCOMMA  偏移，並進入狀態 20

    $預設  使用規則 13 以縮減 (oformal)

    oformal  進入狀態 21


狀態 17

    7 mthdcl: type lMAIN lID lLP formals . lRP block

    lRP  偏移，並進入狀態 22


狀態 18

   11 formal: type lID .

    $預設  使用規則 11 以縮減 (formal)


狀態 19

    8 mthdcl: type lID lLP formals lRP . block
   14 block: . lBEGIN stmts lEND

    lBEGIN  偏移，並進入狀態 23

    block  進入狀態 24


狀態 20

    5 type: . lINT
    6     | . lREAL
   11 formal: . type lID
   12 oformal: lCOMMA . formal oformal

    lINT   偏移，並進入狀態 1
    lREAL  偏移，並進入狀態 2

    type    進入狀態 14
    formal  進入狀態 25


狀態 21

    9 formals: formal oformal .

    $預設  使用規則 9 以縮減 (formals)


狀態 22

    7 mthdcl: type lMAIN lID lLP formals lRP . block
   14 block: . lBEGIN stmts lEND

    lBEGIN  偏移，並進入狀態 23

    block  進入狀態 26


狀態 23

    5 type: . lINT
    6     | . lREAL
   14 block: . lBEGIN stmts lEND
   14      | lBEGIN . stmts lEND
   15 stmts: . stmt stmts
   16      | . stmt
   17 stmt: . block
   18     | . vardcl
   19     | . astm
   20     | . rstm
   21     | . istm
   22     | . wstm
   23     | . dstm
   24 vardcl: . type lID lSEMI
   25       | . type astm
   26 astm: . lID lASSIGN expr lSEMI
   27 rstm: . lRETURN expr lSEMI
   28 istm: . lIF lLP bexpr lRP stmt
   29     | . lIF lLP bexpr lRP stmt lELSE stmt
   30 wstm: . lWRITE lLP expr lCOMMA lQSTR lRP lSEMI
   31 dstm: . lREAD lLP lID lCOMMA lQSTR lRP lSEMI

    lWRITE   偏移，並進入狀態 27
    lREAD    偏移，並進入狀態 28
    lIF      偏移，並進入狀態 29
    lRETURN  偏移，並進入狀態 30
    lBEGIN   偏移，並進入狀態 23
    lINT     偏移，並進入狀態 1
    lREAL    偏移，並進入狀態 2
    lID      偏移，並進入狀態 31

    type    進入狀態 32
    block   進入狀態 33
    stmts   進入狀態 34
    stmt    進入狀態 35
    vardcl  進入狀態 36
    astm    進入狀態 37
    rstm    進入狀態 38
    istm    進入狀態 39
    wstm    進入狀態 40
    dstm    進入狀態 41


狀態 24

    8 mthdcl: type lID lLP formals lRP block .

    $預設  使用規則 8 以縮減 (mthdcl)


狀態 25

   12 oformal: . lCOMMA formal oformal
   12        | lCOMMA formal . oformal
   13        | .  [lRP]

    lCOMMA  偏移，並進入狀態 20

    $預設  使用規則 13 以縮減 (oformal)

    oformal  進入狀態 42


狀態 26

    7 mthdcl: type lMAIN lID lLP formals lRP block .

    $預設  使用規則 7 以縮減 (mthdcl)


狀態 27

   30 wstm: lWRITE . lLP expr lCOMMA lQSTR lRP lSEMI

    lLP  偏移，並進入狀態 43


狀態 28

   31 dstm: lREAD . lLP lID lCOMMA lQSTR lRP lSEMI

    lLP  偏移，並進入狀態 44


狀態 29

   28 istm: lIF . lLP bexpr lRP stmt
   29     | lIF . lLP bexpr lRP stmt lELSE stmt

    lLP  偏移，並進入狀態 45


狀態 30

   27 rstm: lRETURN . expr lSEMI
   32 expr: . mexpr mexprs
   36 mexpr: . pexpr pexprs
   40 pexpr: . lINUM
   41      | . lRNUM
   42      | . lID
   43      | . lLP expr lRP
   44      | . lID lLP aparams lRP

    lLP    偏移，並進入狀態 46
    lID    偏移，並進入狀態 47
    lINUM  偏移，並進入狀態 48
    lRNUM  偏移，並進入狀態 49

    expr   進入狀態 50
    mexpr  進入狀態 51
    pexpr  進入狀態 52


狀態 31

   26 astm: lID . lASSIGN expr lSEMI

    lASSIGN  偏移，並進入狀態 53


狀態 32

   24 vardcl: type . lID lSEMI
   25       | type . astm
   26 astm: . lID lASSIGN expr lSEMI

    lID  偏移，並進入狀態 54

    astm  進入狀態 55


狀態 33

   17 stmt: block .

    $預設  使用規則 17 以縮減 (stmt)


狀態 34

   14 block: lBEGIN stmts . lEND

    lEND  偏移，並進入狀態 56


狀態 35

    5 type: . lINT
    6     | . lREAL
   14 block: . lBEGIN stmts lEND
   15 stmts: . stmt stmts
   15      | stmt . stmts
   16      | . stmt
   16      | stmt .  [lEND]
   17 stmt: . block
   18     | . vardcl
   19     | . astm
   20     | . rstm
   21     | . istm
   22     | . wstm
   23     | . dstm
   24 vardcl: . type lID lSEMI
   25       | . type astm
   26 astm: . lID lASSIGN expr lSEMI
   27 rstm: . lRETURN expr lSEMI
   28 istm: . lIF lLP bexpr lRP stmt
   29     | . lIF lLP bexpr lRP stmt lELSE stmt
   30 wstm: . lWRITE lLP expr lCOMMA lQSTR lRP lSEMI
   31 dstm: . lREAD lLP lID lCOMMA lQSTR lRP lSEMI

    lWRITE   偏移，並進入狀態 27
    lREAD    偏移，並進入狀態 28
    lIF      偏移，並進入狀態 29
    lRETURN  偏移，並進入狀態 30
    lBEGIN   偏移，並進入狀態 23
    lINT     偏移，並進入狀態 1
    lREAL    偏移，並進入狀態 2
    lID      偏移，並進入狀態 31

    $預設  使用規則 16 以縮減 (stmts)

    type    進入狀態 32
    block   進入狀態 33
    stmts   進入狀態 57
    stmt    進入狀態 35
    vardcl  進入狀態 36
    astm    進入狀態 37
    rstm    進入狀態 38
    istm    進入狀態 39
    wstm    進入狀態 40
    dstm    進入狀態 41


狀態 36

   18 stmt: vardcl .

    $預設  使用規則 18 以縮減 (stmt)


狀態 37

   19 stmt: astm .

    $預設  使用規則 19 以縮減 (stmt)


狀態 38

   20 stmt: rstm .

    $預設  使用規則 20 以縮減 (stmt)


狀態 39

   21 stmt: istm .

    $預設  使用規則 21 以縮減 (stmt)


狀態 40

   22 stmt: wstm .

    $預設  使用規則 22 以縮減 (stmt)


狀態 41

   23 stmt: dstm .

    $預設  使用規則 23 以縮減 (stmt)


狀態 42

   12 oformal: lCOMMA formal oformal .

    $預設  使用規則 12 以縮減 (oformal)


狀態 43

   30 wstm: lWRITE lLP . expr lCOMMA lQSTR lRP lSEMI
   32 expr: . mexpr mexprs
   36 mexpr: . pexpr pexprs
   40 pexpr: . lINUM
   41      | . lRNUM
   42      | . lID
   43      | . lLP expr lRP
   44      | . lID lLP aparams lRP

    lLP    偏移，並進入狀態 46
    lID    偏移，並進入狀態 47
    lINUM  偏移，並進入狀態 48
    lRNUM  偏移，並進入狀態 49

    expr   進入狀態 58
    mexpr  進入狀態 51
    pexpr  進入狀態 52


狀態 44

   31 dstm: lREAD lLP . lID lCOMMA lQSTR lRP lSEMI

    lID  偏移，並進入狀態 59


狀態 45

   28 istm: lIF lLP . bexpr lRP stmt
   29     | lIF lLP . bexpr lRP stmt lELSE stmt
   32 expr: . mexpr mexprs
   36 mexpr: . pexpr pexprs
   40 pexpr: . lINUM
   41      | . lRNUM
   42      | . lID
   43      | . lLP expr lRP
   44      | . lID lLP aparams lRP
   45 bexpr: . expr lEQU expr
   46      | . expr lNEQ expr
   47      | . expr lGT expr
   48      | . expr lLT expr
   49      | . expr lGE expr
   50      | . expr lLE expr

    lLP    偏移，並進入狀態 46
    lID    偏移，並進入狀態 47
    lINUM  偏移，並進入狀態 48
    lRNUM  偏移，並進入狀態 49

    expr   進入狀態 60
    mexpr  進入狀態 51
    pexpr  進入狀態 52
    bexpr  進入狀態 61


狀態 46

   32 expr: . mexpr mexprs
   36 mexpr: . pexpr pexprs
   40 pexpr: . lINUM
   41      | . lRNUM
   42      | . lID
   43      | . lLP expr lRP
   43      | lLP . expr lRP
   44      | . lID lLP aparams lRP

    lLP    偏移，並進入狀態 46
    lID    偏移，並進入狀態 47
    lINUM  偏移，並進入狀態 48
    lRNUM  偏移，並進入狀態 49

    expr   進入狀態 62
    mexpr  進入狀態 51
    pexpr  進入狀態 52


狀態 47

   42 pexpr: lID .  [lLE, lGE, lLT, lGT, lNEQ, lEQU, lMINUS, lADD, lDIVIDE, lTIMES, lRP, lSEMI, lCOMMA]
   44      | lID . lLP aparams lRP

    lLP  偏移，並進入狀態 63

    $預設  使用規則 42 以縮減 (pexpr)


狀態 48

   40 pexpr: lINUM .

    $預設  使用規則 40 以縮減 (pexpr)


狀態 49

   41 pexpr: lRNUM .

    $預設  使用規則 41 以縮減 (pexpr)


狀態 50

   27 rstm: lRETURN expr . lSEMI

    lSEMI  偏移，並進入狀態 64


狀態 51

   32 expr: mexpr . mexprs
   33 mexprs: . lADD mexpr mexprs
   34       | . lMINUS mexpr mexprs
   35       | .  [lLE, lGE, lLT, lGT, lNEQ, lEQU, lRP, lSEMI, lCOMMA]

    lMINUS  偏移，並進入狀態 65
    lADD    偏移，並進入狀態 66

    $預設  使用規則 35 以縮減 (mexprs)

    mexprs  進入狀態 67


狀態 52

   36 mexpr: pexpr . pexprs
   37 pexprs: . lTIMES pexpr pexprs
   38       | . lDIVIDE pexpr pexprs
   39       | .  [lLE, lGE, lLT, lGT, lNEQ, lEQU, lMINUS, lADD, lRP, lSEMI, lCOMMA]

    lDIVIDE  偏移，並進入狀態 68
    lTIMES   偏移，並進入狀態 69

    $預設  使用規則 39 以縮減 (pexprs)

    pexprs  進入狀態 70


狀態 53

   26 astm: lID lASSIGN . expr lSEMI
   32 expr: . mexpr mexprs
   36 mexpr: . pexpr pexprs
   40 pexpr: . lINUM
   41      | . lRNUM
   42      | . lID
   43      | . lLP expr lRP
   44      | . lID lLP aparams lRP

    lLP    偏移，並進入狀態 46
    lID    偏移，並進入狀態 47
    lINUM  偏移，並進入狀態 48
    lRNUM  偏移，並進入狀態 49

    expr   進入狀態 71
    mexpr  進入狀態 51
    pexpr  進入狀態 52


狀態 54

   24 vardcl: type lID . lSEMI
   26 astm: lID . lASSIGN expr lSEMI

    lASSIGN  偏移，並進入狀態 53
    lSEMI    偏移，並進入狀態 72


狀態 55

   25 vardcl: type astm .

    $預設  使用規則 25 以縮減 (vardcl)


狀態 56

   14 block: lBEGIN stmts lEND .

    $預設  使用規則 14 以縮減 (block)


狀態 57

   15 stmts: stmt stmts .

    $預設  使用規則 15 以縮減 (stmts)


狀態 58

   30 wstm: lWRITE lLP expr . lCOMMA lQSTR lRP lSEMI

    lCOMMA  偏移，並進入狀態 73


狀態 59

   31 dstm: lREAD lLP lID . lCOMMA lQSTR lRP lSEMI

    lCOMMA  偏移，並進入狀態 74


狀態 60

   45 bexpr: expr . lEQU expr
   46      | expr . lNEQ expr
   47      | expr . lGT expr
   48      | expr . lLT expr
   49      | expr . lGE expr
   50      | expr . lLE expr

    lLE   偏移，並進入狀態 75
    lGE   偏移，並進入狀態 76
    lLT   偏移，並進入狀態 77
    lGT   偏移，並進入狀態 78
    lNEQ  偏移，並進入狀態 79
    lEQU  偏移，並進入狀態 80


狀態 61

   28 istm: lIF lLP bexpr . lRP stmt
   29     | lIF lLP bexpr . lRP stmt lELSE stmt

    lRP  偏移，並進入狀態 81


狀態 62

   43 pexpr: lLP expr . lRP

    lRP  偏移，並進入狀態 82


狀態 63

   32 expr: . mexpr mexprs
   36 mexpr: . pexpr pexprs
   40 pexpr: . lINUM
   41      | . lRNUM
   42      | . lID
   43      | . lLP expr lRP
   44      | . lID lLP aparams lRP
   44      | lID lLP . aparams lRP
   51 aparams: . expr oparams
   52        | .  [lRP]

    lLP    偏移，並進入狀態 46
    lID    偏移，並進入狀態 47
    lINUM  偏移，並進入狀態 48
    lRNUM  偏移，並進入狀態 49

    $預設  使用規則 52 以縮減 (aparams)

    expr     進入狀態 83
    mexpr    進入狀態 51
    pexpr    進入狀態 52
    aparams  進入狀態 84


狀態 64

   27 rstm: lRETURN expr lSEMI .

    $預設  使用規則 27 以縮減 (rstm)


狀態 65

   34 mexprs: lMINUS . mexpr mexprs
   36 mexpr: . pexpr pexprs
   40 pexpr: . lINUM
   41      | . lRNUM
   42      | . lID
   43      | . lLP expr lRP
   44      | . lID lLP aparams lRP

    lLP    偏移，並進入狀態 46
    lID    偏移，並進入狀態 47
    lINUM  偏移，並進入狀態 48
    lRNUM  偏移，並進入狀態 49

    mexpr  進入狀態 85
    pexpr  進入狀態 52


狀態 66

   33 mexprs: lADD . mexpr mexprs
   36 mexpr: . pexpr pexprs
   40 pexpr: . lINUM
   41      | . lRNUM
   42      | . lID
   43      | . lLP expr lRP
   44      | . lID lLP aparams lRP

    lLP    偏移，並進入狀態 46
    lID    偏移，並進入狀態 47
    lINUM  偏移，並進入狀態 48
    lRNUM  偏移，並進入狀態 49

    mexpr  進入狀態 86
    pexpr  進入狀態 52


狀態 67

   32 expr: mexpr mexprs .

    $預設  使用規則 32 以縮減 (expr)


狀態 68

   38 pexprs: lDIVIDE . pexpr pexprs
   40 pexpr: . lINUM
   41      | . lRNUM
   42      | . lID
   43      | . lLP expr lRP
   44      | . lID lLP aparams lRP

    lLP    偏移，並進入狀態 46
    lID    偏移，並進入狀態 47
    lINUM  偏移，並進入狀態 48
    lRNUM  偏移，並進入狀態 49

    pexpr  進入狀態 87


狀態 69

   37 pexprs: lTIMES . pexpr pexprs
   40 pexpr: . lINUM
   41      | . lRNUM
   42      | . lID
   43      | . lLP expr lRP
   44      | . lID lLP aparams lRP

    lLP    偏移，並進入狀態 46
    lID    偏移，並進入狀態 47
    lINUM  偏移，並進入狀態 48
    lRNUM  偏移，並進入狀態 49

    pexpr  進入狀態 88


狀態 70

   36 mexpr: pexpr pexprs .

    $預設  使用規則 36 以縮減 (mexpr)


狀態 71

   26 astm: lID lASSIGN expr . lSEMI

    lSEMI  偏移，並進入狀態 89


狀態 72

   24 vardcl: type lID lSEMI .

    $預設  使用規則 24 以縮減 (vardcl)


狀態 73

   30 wstm: lWRITE lLP expr lCOMMA . lQSTR lRP lSEMI

    lQSTR  偏移，並進入狀態 90


狀態 74

   31 dstm: lREAD lLP lID lCOMMA . lQSTR lRP lSEMI

    lQSTR  偏移，並進入狀態 91


狀態 75

   32 expr: . mexpr mexprs
   36 mexpr: . pexpr pexprs
   40 pexpr: . lINUM
   41      | . lRNUM
   42      | . lID
   43      | . lLP expr lRP
   44      | . lID lLP aparams lRP
   50 bexpr: expr lLE . expr

    lLP    偏移，並進入狀態 46
    lID    偏移，並進入狀態 47
    lINUM  偏移，並進入狀態 48
    lRNUM  偏移，並進入狀態 49

    expr   進入狀態 92
    mexpr  進入狀態 51
    pexpr  進入狀態 52


狀態 76

   32 expr: . mexpr mexprs
   36 mexpr: . pexpr pexprs
   40 pexpr: . lINUM
   41      | . lRNUM
   42      | . lID
   43      | . lLP expr lRP
   44      | . lID lLP aparams lRP
   49 bexpr: expr lGE . expr

    lLP    偏移，並進入狀態 46
    lID    偏移，並進入狀態 47
    lINUM  偏移，並進入狀態 48
    lRNUM  偏移，並進入狀態 49

    expr   進入狀態 93
    mexpr  進入狀態 51
    pexpr  進入狀態 52


狀態 77

   32 expr: . mexpr mexprs
   36 mexpr: . pexpr pexprs
   40 pexpr: . lINUM
   41      | . lRNUM
   42      | . lID
   43      | . lLP expr lRP
   44      | . lID lLP aparams lRP
   48 bexpr: expr lLT . expr

    lLP    偏移，並進入狀態 46
    lID    偏移，並進入狀態 47
    lINUM  偏移，並進入狀態 48
    lRNUM  偏移，並進入狀態 49

    expr   進入狀態 94
    mexpr  進入狀態 51
    pexpr  進入狀態 52


狀態 78

   32 expr: . mexpr mexprs
   36 mexpr: . pexpr pexprs
   40 pexpr: . lINUM
   41      | . lRNUM
   42      | . lID
   43      | . lLP expr lRP
   44      | . lID lLP aparams lRP
   47 bexpr: expr lGT . expr

    lLP    偏移，並進入狀態 46
    lID    偏移，並進入狀態 47
    lINUM  偏移，並進入狀態 48
    lRNUM  偏移，並進入狀態 49

    expr   進入狀態 95
    mexpr  進入狀態 51
    pexpr  進入狀態 52


狀態 79

   32 expr: . mexpr mexprs
   36 mexpr: . pexpr pexprs
   40 pexpr: . lINUM
   41      | . lRNUM
   42      | . lID
   43      | . lLP expr lRP
   44      | . lID lLP aparams lRP
   46 bexpr: expr lNEQ . expr

    lLP    偏移，並進入狀態 46
    lID    偏移，並進入狀態 47
    lINUM  偏移，並進入狀態 48
    lRNUM  偏移，並進入狀態 49

    expr   進入狀態 96
    mexpr  進入狀態 51
    pexpr  進入狀態 52


狀態 80

   32 expr: . mexpr mexprs
   36 mexpr: . pexpr pexprs
   40 pexpr: . lINUM
   41      | . lRNUM
   42      | . lID
   43      | . lLP expr lRP
   44      | . lID lLP aparams lRP
   45 bexpr: expr lEQU . expr

    lLP    偏移，並進入狀態 46
    lID    偏移，並進入狀態 47
    lINUM  偏移，並進入狀態 48
    lRNUM  偏移，並進入狀態 49

    expr   進入狀態 97
    mexpr  進入狀態 51
    pexpr  進入狀態 52


狀態 81

    5 type: . lINT
    6     | . lREAL
   14 block: . lBEGIN stmts lEND
   17 stmt: . block
   18     | . vardcl
   19     | . astm
   20     | . rstm
   21     | . istm
   22     | . wstm
   23     | . dstm
   24 vardcl: . type lID lSEMI
   25       | . type astm
   26 astm: . lID lASSIGN expr lSEMI
   27 rstm: . lRETURN expr lSEMI
   28 istm: . lIF lLP bexpr lRP stmt
   28     | lIF lLP bexpr lRP . stmt
   29     | . lIF lLP bexpr lRP stmt lELSE stmt
   29     | lIF lLP bexpr lRP . stmt lELSE stmt
   30 wstm: . lWRITE lLP expr lCOMMA lQSTR lRP lSEMI
   31 dstm: . lREAD lLP lID lCOMMA lQSTR lRP lSEMI

    lWRITE   偏移，並進入狀態 27
    lREAD    偏移，並進入狀態 28
    lIF      偏移，並進入狀態 29
    lRETURN  偏移，並進入狀態 30
    lBEGIN   偏移，並進入狀態 23
    lINT     偏移，並進入狀態 1
    lREAL    偏移，並進入狀態 2
    lID      偏移，並進入狀態 31

    type    進入狀態 32
    block   進入狀態 33
    stmt    進入狀態 98
    vardcl  進入狀態 36
    astm    進入狀態 37
    rstm    進入狀態 38
    istm    進入狀態 39
    wstm    進入狀態 40
    dstm    進入狀態 41


狀態 82

   43 pexpr: lLP expr lRP .

    $預設  使用規則 43 以縮減 (pexpr)


狀態 83

   51 aparams: expr . oparams
   53 oparams: . lCOMMA expr oparams
   54        | .  [lRP]

    lCOMMA  偏移，並進入狀態 99

    $預設  使用規則 54 以縮減 (oparams)

    oparams  進入狀態 100


狀態 84

   44 pexpr: lID lLP aparams . lRP

    lRP  偏移，並進入狀態 101


狀態 85

   33 mexprs: . lADD mexpr mexprs
   34       | . lMINUS mexpr mexprs
   34       | lMINUS mexpr . mexprs
   35       | .  [lLE, lGE, lLT, lGT, lNEQ, lEQU, lRP, lSEMI, lCOMMA]

    lMINUS  偏移，並進入狀態 65
    lADD    偏移，並進入狀態 66

    $預設  使用規則 35 以縮減 (mexprs)

    mexprs  進入狀態 102


狀態 86

   33 mexprs: . lADD mexpr mexprs
   33       | lADD mexpr . mexprs
   34       | . lMINUS mexpr mexprs
   35       | .  [lLE, lGE, lLT, lGT, lNEQ, lEQU, lRP, lSEMI, lCOMMA]

    lMINUS  偏移，並進入狀態 65
    lADD    偏移，並進入狀態 66

    $預設  使用規則 35 以縮減 (mexprs)

    mexprs  進入狀態 103


狀態 87

   37 pexprs: . lTIMES pexpr pexprs
   38       | . lDIVIDE pexpr pexprs
   38       | lDIVIDE pexpr . pexprs
   39       | .  [lLE, lGE, lLT, lGT, lNEQ, lEQU, lMINUS, lADD, lRP, lSEMI, lCOMMA]

    lDIVIDE  偏移，並進入狀態 68
    lTIMES   偏移，並進入狀態 69

    $預設  使用規則 39 以縮減 (pexprs)

    pexprs  進入狀態 104


狀態 88

   37 pexprs: . lTIMES pexpr pexprs
   37       | lTIMES pexpr . pexprs
   38       | . lDIVIDE pexpr pexprs
   39       | .  [lLE, lGE, lLT, lGT, lNEQ, lEQU, lMINUS, lADD, lRP, lSEMI, lCOMMA]

    lDIVIDE  偏移，並進入狀態 68
    lTIMES   偏移，並進入狀態 69

    $預設  使用規則 39 以縮減 (pexprs)

    pexprs  進入狀態 105


狀態 89

   26 astm: lID lASSIGN expr lSEMI .

    $預設  使用規則 26 以縮減 (astm)


狀態 90

   30 wstm: lWRITE lLP expr lCOMMA lQSTR . lRP lSEMI

    lRP  偏移，並進入狀態 106


狀態 91

   31 dstm: lREAD lLP lID lCOMMA lQSTR . lRP lSEMI

    lRP  偏移，並進入狀態 107


狀態 92

   50 bexpr: expr lLE expr .

    $預設  使用規則 50 以縮減 (bexpr)


狀態 93

   49 bexpr: expr lGE expr .

    $預設  使用規則 49 以縮減 (bexpr)


狀態 94

   48 bexpr: expr lLT expr .

    $預設  使用規則 48 以縮減 (bexpr)


狀態 95

   47 bexpr: expr lGT expr .

    $預設  使用規則 47 以縮減 (bexpr)


狀態 96

   46 bexpr: expr lNEQ expr .

    $預設  使用規則 46 以縮減 (bexpr)


狀態 97

   45 bexpr: expr lEQU expr .

    $預設  使用規則 45 以縮減 (bexpr)


狀態 98

   28 istm: lIF lLP bexpr lRP stmt .  [lWRITE, lREAD, lIF, lRETURN, lBEGIN, lEND, lINT, lREAL, lELSE, lID]
   29     | lIF lLP bexpr lRP stmt . lELSE stmt

    lELSE  偏移，並進入狀態 108

    lELSE  [使用規則 28 以縮減 (istm)]
    $預設  使用規則 28 以縮減 (istm)


狀態 99

   32 expr: . mexpr mexprs
   36 mexpr: . pexpr pexprs
   40 pexpr: . lINUM
   41      | . lRNUM
   42      | . lID
   43      | . lLP expr lRP
   44      | . lID lLP aparams lRP
   53 oparams: lCOMMA . expr oparams

    lLP    偏移，並進入狀態 46
    lID    偏移，並進入狀態 47
    lINUM  偏移，並進入狀態 48
    lRNUM  偏移，並進入狀態 49

    expr   進入狀態 109
    mexpr  進入狀態 51
    pexpr  進入狀態 52


狀態 100

   51 aparams: expr oparams .

    $預設  使用規則 51 以縮減 (aparams)


狀態 101

   44 pexpr: lID lLP aparams lRP .

    $預設  使用規則 44 以縮減 (pexpr)


狀態 102

   34 mexprs: lMINUS mexpr mexprs .

    $預設  使用規則 34 以縮減 (mexprs)


狀態 103

   33 mexprs: lADD mexpr mexprs .

    $預設  使用規則 33 以縮減 (mexprs)


狀態 104

   38 pexprs: lDIVIDE pexpr pexprs .

    $預設  使用規則 38 以縮減 (pexprs)


狀態 105

   37 pexprs: lTIMES pexpr pexprs .

    $預設  使用規則 37 以縮減 (pexprs)


狀態 106

   30 wstm: lWRITE lLP expr lCOMMA lQSTR lRP . lSEMI

    lSEMI  偏移，並進入狀態 110


狀態 107

   31 dstm: lREAD lLP lID lCOMMA lQSTR lRP . lSEMI

    lSEMI  偏移，並進入狀態 111


狀態 108

    5 type: . lINT
    6     | . lREAL
   14 block: . lBEGIN stmts lEND
   17 stmt: . block
   18     | . vardcl
   19     | . astm
   20     | . rstm
   21     | . istm
   22     | . wstm
   23     | . dstm
   24 vardcl: . type lID lSEMI
   25       | . type astm
   26 astm: . lID lASSIGN expr lSEMI
   27 rstm: . lRETURN expr lSEMI
   28 istm: . lIF lLP bexpr lRP stmt
   29     | . lIF lLP bexpr lRP stmt lELSE stmt
   29     | lIF lLP bexpr lRP stmt lELSE . stmt
   30 wstm: . lWRITE lLP expr lCOMMA lQSTR lRP lSEMI
   31 dstm: . lREAD lLP lID lCOMMA lQSTR lRP lSEMI

    lWRITE   偏移，並進入狀態 27
    lREAD    偏移，並進入狀態 28
    lIF      偏移，並進入狀態 29
    lRETURN  偏移，並進入狀態 30
    lBEGIN   偏移，並進入狀態 23
    lINT     偏移，並進入狀態 1
    lREAL    偏移，並進入狀態 2
    lID      偏移，並進入狀態 31

    type    進入狀態 32
    block   進入狀態 33
    stmt    進入狀態 112
    vardcl  進入狀態 36
    astm    進入狀態 37
    rstm    進入狀態 38
    istm    進入狀態 39
    wstm    進入狀態 40
    dstm    進入狀態 41


狀態 109

   53 oparams: . lCOMMA expr oparams
   53        | lCOMMA expr . oparams
   54        | .  [lRP]

    lCOMMA  偏移，並進入狀態 99

    $預設  使用規則 54 以縮減 (oparams)

    oparams  進入狀態 113


狀態 110

   30 wstm: lWRITE lLP expr lCOMMA lQSTR lRP lSEMI .

    $預設  使用規則 30 以縮減 (wstm)


狀態 111

   31 dstm: lREAD lLP lID lCOMMA lQSTR lRP lSEMI .

    $預設  使用規則 31 以縮減 (dstm)


狀態 112

   29 istm: lIF lLP bexpr lRP stmt lELSE stmt .

    $預設  使用規則 29 以縮減 (istm)


狀態 113

   53 oparams: lCOMMA expr oparams .

    $預設  使用規則 53 以縮減 (oparams)
